{
  "name": "test_login02",
  "status": "failed",
  "statusDetails": {
    "message": "AssertionError: assert '用户名不能为空' in ''\n +  where '' = <selenium.webdriver.remote.webelement.WebElement (session=\"bf41f515492a32fc408cb305c0dcd00b\", element=\"f.3ACC35D56D20DCA8DA752088B24D04DE.d.339CDBEEF64AE12311285D907D2ABBCC.e.30\")>.text\n +    where <selenium.webdriver.remote.webelement.WebElement (session=\"bf41f515492a32fc408cb305c0dcd00b\", element=\"f.3ACC35D56D20DCA8DA752088B24D04DE.d.339CDBEEF64AE12311285D907D2ABBCC.e.30\")> = <bound method WebDriver.find_element of <selenium.webdriver.edge.webdriver.WebDriver (session=\"bf41f515492a32fc408cb305c0dcd00b\")>>('xpath', '/html/body/div[6]')\n +      where <bound method WebDriver.find_element of <selenium.webdriver.edge.webdriver.WebDriver (session=\"bf41f515492a32fc408cb305c0dcd00b\")>> = <selenium.webdriver.edge.webdriver.WebDriver (session=\"bf41f515492a32fc408cb305c0dcd00b\")>.find_element\n +        where <selenium.webdriver.edge.webdriver.WebDriver (session=\"bf41f515492a32fc408cb305c0dcd00b\")> = <scripts.test_login_assert.TestLogin object at 0x0000019705E221D0>.driver\n +      and   'xpath' = By.XPATH",
    "trace": "self = <scripts.test_login_assert.TestLogin object at 0x0000019705E221D0>\n\n    def test_login02(self):\n        # 用户名\n        self.driver.find_element(By.ID, \"username\").send_keys(\"\")\n    \n        # 密码\n        self.driver.find_element(By.ID, \"password\").send_keys(\"123456\")\n    \n        # 验证码\n        self.driver.find_element(By.ID, \"verify_code\").send_keys(\"8888\")\n    \n        # 点击登录\n        self.driver.find_element(By.NAME, \"sbtbutton\").click()\n    \n        # 断言\n    \n>       assert \"用户名不能为空\" in self.driver.find_element(By.XPATH, \"/html/body/div[6]\").text\nE       assert '用户名不能为空' in ''\nE        +  where '' = <selenium.webdriver.remote.webelement.WebElement (session=\"bf41f515492a32fc408cb305c0dcd00b\", element=\"f.3ACC35D56D20DCA8DA752088B24D04DE.d.339CDBEEF64AE12311285D907D2ABBCC.e.30\")>.text\nE        +    where <selenium.webdriver.remote.webelement.WebElement (session=\"bf41f515492a32fc408cb305c0dcd00b\", element=\"f.3ACC35D56D20DCA8DA752088B24D04DE.d.339CDBEEF64AE12311285D907D2ABBCC.e.30\")> = <bound method WebDriver.find_element of <selenium.webdriver.edge.webdriver.WebDriver (session=\"bf41f515492a32fc408cb305c0dcd00b\")>>('xpath', '/html/body/div[6]')\nE        +      where <bound method WebDriver.find_element of <selenium.webdriver.edge.webdriver.WebDriver (session=\"bf41f515492a32fc408cb305c0dcd00b\")>> = <selenium.webdriver.edge.webdriver.WebDriver (session=\"bf41f515492a32fc408cb305c0dcd00b\")>.find_element\nE        +        where <selenium.webdriver.edge.webdriver.WebDriver (session=\"bf41f515492a32fc408cb305c0dcd00b\")> = <scripts.test_login_assert.TestLogin object at 0x0000019705E221D0>.driver\nE        +      and   'xpath' = By.XPATH\n\ntest_login_assert.py:59: AssertionError"
  },
  "start": 1721226916392,
  "stop": 1721226916508,
  "uuid": "35315ac4-7d01-439e-b44a-92b81e8172e2",
  "historyId": "e7cd56c058b216707f71450f818a2f19",
  "testCaseId": "e7cd56c058b216707f71450f818a2f19",
  "fullName": "scripts.test_login_assert.TestLogin#test_login02",
  "labels": [
    {
      "name": "parentSuite",
      "value": "scripts"
    },
    {
      "name": "suite",
      "value": "test_login_assert"
    },
    {
      "name": "subSuite",
      "value": "TestLogin"
    },
    {
      "name": "host",
      "value": "Lin"
    },
    {
      "name": "thread",
      "value": "29204-MainThread"
    },
    {
      "name": "framework",
      "value": "pytest"
    },
    {
      "name": "language",
      "value": "cpython3"
    },
    {
      "name": "package",
      "value": "scripts.test_login_assert"
    }
  ]
}